Using pre-set license
Built from '2020.2/staging' branch; Version is '2020.2.3f1 (8ff31bc5bf5b) revision 9433883'; Using compiler version '192528614'; Build Type 'Release'
OS: 'Windows 10 Home; OS build 18363.1379; Version 1909; 64bit' Language: 'en' Physical Memory: 8007 MB
BatchMode: 1, IsHumanControllingUs: 0, StartBugReporterOnCrash: 0, Is64bit: 1, IsPro: 0

 COMMAND LINE ARGUMENTS:
C:\Program Files\Unity\Hub\Editor\2020.2.3f1\Editor\Unity.exe
-adb2
-batchMode
-noUpm
-name
AssetImportWorker24
-projectPath
C:/Users/charl/Dropbox/Lakeside 12th Grade/CS 5/Final Project/Robot Programming Game
-logFile
Logs/AssetImportWorker24.log
-srvPort
56190
Successfully changed project path to: C:/Users/charl/Dropbox/Lakeside 12th Grade/CS 5/Final Project/Robot Programming Game
C:/Users/charl/Dropbox/Lakeside 12th Grade/CS 5/Final Project/Robot Programming Game
Using Asset Import Pipeline V2.
Refreshing native plugins compatible for Editor in 1584.51 ms, found 1 plugins.
Preloading 0 native plugins for Editor in 0.00 ms.
Initialize engine version: 2020.2.3f1 (8ff31bc5bf5b)
[Subsystems] Discovering subsystems at path C:/Program Files/Unity/Hub/Editor/2020.2.3f1/Editor/Data/Resources/UnitySubsystems
[Subsystems] Discovering subsystems at path C:/Users/charl/Dropbox/Lakeside 12th Grade/CS 5/Final Project/Robot Programming Game/Assets
GfxDevice: creating device client; threaded=0
